<?xml version="1.0" encoding="UTF-8"?>
<testng-results skipped="0" failed="0" ignored="0" total="1" passed="1">
  <reporter-output>
  </reporter-output>
  <suite name="Default suite" duration-ms="41302" started-at="2021-06-24T10:28:37Z" finished-at="2021-06-24T10:29:18Z">
    <groups>
    </groups>
    <test name="Default test" duration-ms="41302" started-at="2021-06-24T10:28:37Z" finished-at="2021-06-24T10:29:18Z">
      <class name="org.wvs.vtiger.tests.ValidateCreateAccountPage">
        <test-method status="PASS" signature="test_001_AccountCreation()[pri:0, instance:org.wvs.vtiger.tests.ValidateCreateAccountPage@6cc4c815]" name="test_001_AccountCreation" duration-ms="41265" started-at="2021-06-24T10:28:37Z" finished-at="2021-06-24T10:29:18Z">
          <reporter-output>
          </reporter-output>
        </test-method> <!-- test_001_AccountCreation -->
      </class> <!-- org.wvs.vtiger.tests.ValidateCreateAccountPage -->
    </test> <!-- Default test -->
  </suite> <!-- Default suite -->
</testng-results>
